{"target": 6.831540000000001, "params": {"highER": 15.377793744077323, "lowER": 7.829842949899274, "rd": 32.21119897615869, "steps": 461.983985462667}, "datetime": {"datetime": "2021-06-18 19:59:19", "elapsed": 0.0, "delta": 0.0}}
{"target": 6.998800000000002, "params": {"highER": 14.931794057382682, "lowER": 15.343382643632776, "rd": 31.4913131543173, "steps": 459.6970822985464}, "datetime": {"datetime": "2021-06-18 21:27:39", "elapsed": 5300.09579, "delta": 5300.09579}}
{"target": 6.92055, "params": {"highER": 13.88057782836014, "lowER": 14.147243492875091, "rd": 32.59197060983206, "steps": 467.1757280183729}, "datetime": {"datetime": "2021-06-18 22:54:46", "elapsed": 10527.778058, "delta": 5227.682268}}
{"target": 6.805530000000004, "params": {"highER": 15.17491094668594, "lowER": 13.427768908290837, "rd": 38.92255321341789, "steps": 462.20224204565807}, "datetime": {"datetime": "2021-06-19 00:19:36", "elapsed": 15617.68538, "delta": 5089.907322}}
{"target": 6.860790000000001, "params": {"highER": 9.634344603596311, "lowER": 19.52364985642377, "rd": 35.31501545993943, "steps": 462.99177268051903}, "datetime": {"datetime": "2021-06-19 01:44:49", "elapsed": 20729.808558, "delta": 5112.123178}}
{"target": 6.833430000000002, "params": {"highER": 4.662571207498564, "lowER": 18.846392702632233, "rd": 28.142184661587955, "steps": 465.3813011586748}, "datetime": {"datetime": "2021-06-19 03:12:46", "elapsed": 26007.544002, "delta": 5277.735444}}
{"target": 6.823200000000001, "params": {"highER": 5.380141362199511, "lowER": 15.220129603071635, "rd": 35.423887645970325, "steps": 469.2342017345066}, "datetime": {"datetime": "2021-06-19 04:38:30", "elapsed": 31151.641249, "delta": 5144.097247}}
{"target": 6.590009999999999, "params": {"highER": 9.07127017209799, "lowER": 18.94260392940183, "rd": 29.754333016529753, "steps": 473.33574841080906}, "datetime": {"datetime": "2021-06-19 06:08:26", "elapsed": 36547.666937, "delta": 5396.025688}}
{"target": 6.79615, "params": {"highER": 13.63562975889357, "lowER": 20.0, "rd": 26.206997205546145, "steps": 465.6964435088959}, "datetime": {"datetime": "2021-06-19 07:46:36", "elapsed": 42437.07246, "delta": 5889.405523}}
{"target": 6.806400000000002, "params": {"highER": 12.530599802265634, "lowER": 15.176229148814592, "rd": 39.48866531302696, "steps": 471.31922348476905}, "datetime": {"datetime": "2021-06-19 09:13:58", "elapsed": 47678.79951, "delta": 5241.72705}}
{"target": 7.003029999999998, "params": {"highER": 19.564505347263143, "lowER": 20.0, "rd": 35.79060885649038, "steps": 466.4566560402194}, "datetime": {"datetime": "2021-06-19 10:38:34", "elapsed": 52755.552178, "delta": 5076.752668}}
{"target": 5.599860000000001, "params": {"highER": 15.665491996384002, "lowER": 20.0, "rd": 44.760616801859605, "steps": 466.02173007112924}, "datetime": {"datetime": "2021-06-19 11:56:39", "elapsed": 57440.661511, "delta": 4685.109333}}
{"target": 6.848539999999999, "params": {"highER": 19.205638950734468, "lowER": 18.2819957285213, "rd": 28.23720775562117, "steps": 475.058722237481}, "datetime": {"datetime": "2021-06-19 13:28:53", "elapsed": 62974.356322, "delta": 5533.694811}}
{"target": 6.518159999999998, "params": {"highER": 17.53448463502967, "lowER": 19.177397298726323, "rd": 36.63128401609815, "steps": 477.0960538104775}, "datetime": {"datetime": "2021-06-19 14:55:23", "elapsed": 68164.223397, "delta": 5189.867075}}
{"target": 6.985040000000001, "params": {"highER": 19.30392273397478, "lowER": 9.156471126197987, "rd": 34.37942744310757, "steps": 471.75693826786755}, "datetime": {"datetime": "2021-06-19 16:20:55", "elapsed": 73296.384662, "delta": 5132.161265}}
