{"target": 6.392609999999998, "params": {"highER": 11.205732274331593, "lowER": 3.3245307152843298, "rd": 20.50735959353989, "steps": 462.3602951823461}, "datetime": {"datetime": "2021-06-17 18:33:36", "elapsed": 0.0, "delta": 0.0}}
{"target": 6.31522, "params": {"highER": 4.550301133670406, "lowER": 2.772595101936618, "rd": 19.673515879981558, "steps": 458.0355385165567}, "datetime": {"datetime": "2021-06-17 20:11:19", "elapsed": 5862.85103, "delta": 5862.85103}}
{"target": -0.8294400000000001, "params": {"highER": 5.060429828264809, "lowER": 0.01, "rd": 25.87845486482571, "steps": 464.1050872447774}, "datetime": {"datetime": "2021-06-17 20:56:43", "elapsed": 8586.31868, "delta": 2723.46765}}
{"target": 6.145769999999999, "params": {"highER": 8.899078357992524, "lowER": 7.422113342497716, "rd": 21.30103704743231, "steps": 458.4086146222077}, "datetime": {"datetime": "2021-06-17 22:36:11", "elapsed": 14554.880149, "delta": 5968.561469}}
{"target": -0.68977, "params": {"highER": 3.30310405876132, "lowER": 0.01, "rd": 28.191400978970297, "steps": 394.6227570359186}, "datetime": {"datetime": "2021-06-17 23:23:19", "elapsed": 17382.287698, "delta": 2827.407549}}
{"target": 6.207170000000003, "params": {"highER": 7.159190028740443, "lowER": 5.055468762767258, "rd": 18.58931272583741, "steps": 461.3467452423148}, "datetime": {"datetime": "2021-06-18 00:56:09", "elapsed": 22952.905952, "delta": 5570.618254}}
{"target": 6.280890000000002, "params": {"highER": 12.746211540022035, "lowER": 3.041267656481097, "rd": 20.36668450787106, "steps": 456.64307130865734}, "datetime": {"datetime": "2021-06-18 02:32:39", "elapsed": 28742.636541, "delta": 5789.730589}}
{"target": 6.574319999999999, "params": {"highER": 14.063467382758734, "lowER": 6.0340398706892255, "rd": 24.24830529546601, "steps": 459.9666221888585}, "datetime": {"datetime": "2021-06-18 04:07:06", "elapsed": 34409.792568, "delta": 5667.156027}}
{"target": 6.76925, "params": {"highER": 11.032130996884524, "lowER": 8.702933433128008, "rd": 27.851576573012355, "steps": 456.69846210763984}, "datetime": {"datetime": "2021-06-18 05:43:10", "elapsed": 40174.256569, "delta": 5764.464001}}
{"target": 6.719219999999999, "params": {"highER": 10.194332078696362, "lowER": 11.279298356178245, "rd": 25.685773855994636, "steps": 462.75061240814927}, "datetime": {"datetime": "2021-06-18 07:14:39", "elapsed": 45662.763134, "delta": 5488.506565}}
{"target": 6.441510000000002, "params": {"highER": 5.733742656764939, "lowER": 1.8132427633606476, "rd": 23.263766147237853, "steps": 383.6695422893247}, "datetime": {"datetime": "2021-06-18 08:48:54", "elapsed": 51317.807985, "delta": 5655.044851}}
{"target": 6.010700000000002, "params": {"highER": 11.505995440288322, "lowER": 10.020287476076913, "rd": 19.596298421545264, "steps": 466.50854686521666}, "datetime": {"datetime": "2021-06-18 10:22:35", "elapsed": 56938.816458, "delta": 5621.008473}}
{"target": 4.658979999999999, "params": {"highER": 2.8894122901471313, "lowER": 0.7462395251214377, "rd": 23.401578336525645, "steps": 405.2577944176517}, "datetime": {"datetime": "2021-06-18 12:10:30", "elapsed": 63413.369832, "delta": 6474.553374}}
{"target": 6.5910899999999994, "params": {"highER": 4.975039032467208, "lowER": 11.075202892453536, "rd": 26.723171147903074, "steps": 458.1487444367019}, "datetime": {"datetime": "2021-06-18 13:44:12", "elapsed": 69036.092453, "delta": 5622.722621}}
{"target": 6.814479999999998, "params": {"highER": 8.770120132021741, "lowER": 10.958952463110933, "rd": 33.17078114052545, "steps": 461.01457138742825}, "datetime": {"datetime": "2021-06-18 15:12:39", "elapsed": 74342.514119, "delta": 5306.421666}}
