{"target": 5.428319999999998, "params": {"highER": 18.925280946545055, "lowER": 9.519166418392809, "rd": 44.13813599439458, "steps": 472.33179722980526}, "datetime": {"datetime": "2021-06-19 20:58:25", "elapsed": 0.0, "delta": 0.0}}
{"target": 3.1335400000000004, "params": {"highER": 0.88869534312049, "lowER": 15.458674346958615, "rd": 19.094478933312153, "steps": 464.31908877487047}, "datetime": {"datetime": "2021-06-19 22:54:24", "elapsed": 6959.042535, "delta": 6959.042535}}
{"target": 6.624240000000001, "params": {"highER": 19.772621284584865, "lowER": 11.224886440689085, "rd": 25.733430924436366, "steps": 467.85153558910395}, "datetime": {"datetime": "2021-06-20 00:41:18", "elapsed": 13372.597788, "delta": 6413.555253}}
{"target": 6.775740000000002, "params": {"highER": 14.709972905888797, "lowER": 10.651792125849344, "rd": 27.17049368619026, "steps": 477.01876296618383}, "datetime": {"datetime": "2021-06-20 02:26:32", "elapsed": 19687.493612, "delta": 6314.895824}}
{"target": 6.3157000000000005, "params": {"highER": 15.259428693277767, "lowER": 17.273478630968945, "rd": 19.904535841558175, "steps": 475.09515006930474}, "datetime": {"datetime": "2021-06-20 04:18:50", "elapsed": 26425.384136, "delta": 6737.890524}}
{"target": 6.1602700000000015, "params": {"highER": 20.0, "lowER": 20.0, "rd": 37.01344590393553, "steps": 456.44467758094765}, "datetime": {"datetime": "2021-06-20 06:04:11", "elapsed": 32746.147089, "delta": 6320.762953}}
{"target": 6.747810000000003, "params": {"highER": 15.661909561987242, "lowER": 19.529264888517137, "rd": 27.67050145077402, "steps": 483.48053571956854}, "datetime": {"datetime": "2021-06-20 07:49:22", "elapsed": 39057.570484, "delta": 6311.423395}}
{"target": 5.818889999999995, "params": {"highER": 0.4697850938751195, "lowER": 16.260408915312528, "rd": 36.435183161363454, "steps": 460.4524398818867}, "datetime": {"datetime": "2021-06-20 09:35:54", "elapsed": 45448.605071, "delta": 6391.034587}}
{"target": 6.392329999999998, "params": {"highER": 20.0, "lowER": 13.486079468096756, "rd": 22.247942619636053, "steps": 482.4876307119569}, "datetime": {"datetime": "2021-06-20 11:20:21", "elapsed": 51716.010611, "delta": 6267.40554}}
{"target": 6.275359999999998, "params": {"highER": 20.0, "lowER": 8.840279211336572, "rd": 35.94725882685274, "steps": 454.21964841105523}, "datetime": {"datetime": "2021-06-20 13:07:18", "elapsed": 58133.531314, "delta": 6417.520703}}
{"target": 6.8872800000000005, "params": {"highER": 18.75888816150336, "lowER": 12.151509604298074, "rd": 32.59663249991712, "steps": 483.03198704813747}, "datetime": {"datetime": "2021-06-20 14:46:19", "elapsed": 64074.457969, "delta": 5940.926655}}
{"target": 6.427860000000002, "params": {"highER": 9.924096546306192, "lowER": 15.385351146319824, "rd": 35.948789524194495, "steps": 480.3767551322104}, "datetime": {"datetime": "2021-06-20 16:19:36", "elapsed": 69671.25066, "delta": 5596.792691}}
{"target": 6.89423, "params": {"highER": 20.0, "lowER": 20.0, "rd": 35.55508700061696, "steps": 488.1877406532555}, "datetime": {"datetime": "2021-06-20 17:52:48", "elapsed": 75263.327127, "delta": 5592.076467}}
{"target": 5.665870000000001, "params": {"highER": 18.845078238154432, "lowER": 16.393673780248857, "rd": 44.389659915850615, "steps": 485.882226619214}, "datetime": {"datetime": "2021-06-20 19:20:01", "elapsed": 80495.790599, "delta": 5232.463472}}
