{"target": 6.549330000000001, "params": {"highER": 4.0, "lowER": 1.4142135623730951, "rd": 25.0, "steps": 400.0}, "datetime": {"datetime": "2021-06-16 17:23:44", "elapsed": 0.0, "delta": 0.0}}
{"target": 6.382779999999998, "params": {"highER": 5.4926469042339745, "lowER": 7.15474177006047, "rd": 22.055267521432878, "steps": 463.4649548990691}, "datetime": {"datetime": "2021-06-16 18:59:09", "elapsed": 5725.204964, "delta": 5725.204964}}
{"target": 6.03053, "params": {"highER": 4.242311445395658, "lowER": 6.462482189535894, "rd": 18.75174422525385, "steps": 567.5319002346239}, "datetime": {"datetime": "2021-06-16 20:32:57", "elapsed": 11352.575595, "delta": 5627.370631}}
{"target": 6.72366, "params": {"highER": 9.636990977405283, "lowER": 3.840580773069519, "rd": 25.834500761653292, "steps": 458.66847592587135}, "datetime": {"datetime": "2021-06-16 22:04:24", "elapsed": 16839.82696, "delta": 5487.251365}}
{"target": 0.6098899999999999, "params": {"highER": 5.6847651653283835, "lowER": 9.256710416543683, "rd": 11.420721163957738, "steps": 326.1387899104622}, "datetime": {"datetime": "2021-06-16 23:26:07", "elapsed": 21743.01472, "delta": 4903.18776}}
{"target": 4.69478, "params": {"highER": 0.21198179042885396, "lowER": 8.3278722570239, "rd": 25.56313501899701, "steps": 561.0036444740458}, "datetime": {"datetime": "2021-06-17 01:01:52", "elapsed": 27488.427192, "delta": 5745.412472}}
{"target": -0.75245, "params": {"highER": 10.0, "lowER": 0.01, "rd": 10.0, "steps": 600.0}, "datetime": {"datetime": "2021-06-17 01:53:06", "elapsed": 30562.063189, "delta": 3073.635997}}
{"target": 6.41053, "params": {"highER": 3.487989422012726, "lowER": 4.930775792870941, "rd": 22.616218481901594, "steps": 429.98173755199156}, "datetime": {"datetime": "2021-06-17 03:35:07", "elapsed": 36682.581884, "delta": 6120.518695}}
{"target": 6.891079999999999, "params": {"highER": 9.392729647834003, "lowER": 5.030145926148063, "rd": 26.078329785677298, "steps": 460.16146701975293}, "datetime": {"datetime": "2021-06-17 05:07:34", "elapsed": 42229.62144, "delta": 5547.039556}}
{"target": -0.7960000000000003, "params": {"highER": 10.0, "lowER": 0.01, "rd": 30.0, "steps": 490.5058981805491}, "datetime": {"datetime": "2021-06-17 05:52:31", "elapsed": 44926.568785, "delta": 2696.947345}}
{"target": 1.8521099999999993, "params": {"highER": 9.586826138193539, "lowER": 8.476950089127975, "rd": 10.009504172158683, "steps": 412.812805179826}, "datetime": {"datetime": "2021-06-17 07:32:39", "elapsed": 50934.811244, "delta": 6008.242459}}
{"target": 2.556259999999998, "params": {"highER": 0.01, "lowER": 10.0, "rd": 30.0, "steps": 446.62665552032024}, "datetime": {"datetime": "2021-06-17 09:01:28", "elapsed": 56264.37984, "delta": 5329.568596}}
{"target": -0.7882900000000003, "params": {"highER": 0.01, "lowER": 0.01, "rd": 30.0, "steps": 415.85878525248756}, "datetime": {"datetime": "2021-06-17 09:47:13", "elapsed": 59008.974962, "delta": 2744.595122}}
{"target": 6.404010000000002, "params": {"highER": 5.375782007167238, "lowER": 1.1536437963297714, "rd": 24.49246719119614, "steps": 389.47628991110486}, "datetime": {"datetime": "2021-06-17 11:23:30", "elapsed": 64786.510717, "delta": 5777.535755}}
{"target": 1.5646899999999995, "params": {"highER": 0.01, "lowER": 10.0, "rd": 29.744055961059672, "steps": 393.133751851625}, "datetime": {"datetime": "2021-06-17 12:46:39", "elapsed": 69775.2245, "delta": 4988.713783}}
{"target": -0.7515699999999998, "params": {"highER": 10.0, "lowER": 0.01, "rd": 18.217166705258425, "steps": 395.65101334668054}, "datetime": {"datetime": "2021-06-17 13:32:52", "elapsed": 72548.278059, "delta": 2773.053559}}
