{"target": 5.5288499999999985, "params": {"gl": 29.631267162837325, "mr": 0.01, "ps": 177.09771267448707}, "datetime": {"datetime": "2021-06-18 20:29:57", "elapsed": 0.0, "delta": 0.0}}
{"target": 5.717160000000002, "params": {"gl": 36.96265760987952, "mr": 1.0, "ps": 185.84606793507973}, "datetime": {"datetime": "2021-06-18 22:53:22", "elapsed": 8605.042532, "delta": 8605.042532}}
{"target": 5.514320000000001, "params": {"gl": 27.744706173673027, "mr": 0.6456374518585505, "ps": 191.84943260875434}, "datetime": {"datetime": "2021-06-19 00:49:41", "elapsed": 15584.352586, "delta": 6979.310054}}
{"target": 5.82191, "params": {"gl": 39.35328567880911, "mr": 0.01, "ps": 198.0172255671554}, "datetime": {"datetime": "2021-06-19 03:24:49", "elapsed": 24892.581135, "delta": 9308.228549}}
{"target": 2.2736700000000014, "params": {"gl": 49.57756778214892, "mr": 1.0, "ps": 194.12786968863438}, "datetime": {"datetime": "2021-06-19 05:38:14", "elapsed": 32897.049273, "delta": 8004.468138}}
{"target": 5.710870000000001, "params": {"gl": 32.408713664701146, "mr": 0.7814235421490605, "ps": 199.94466622489057}, "datetime": {"datetime": "2021-06-19 07:48:59", "elapsed": 40742.685918, "delta": 7845.636645}}
{"target": 5.686909999999999, "params": {"gl": 34.833520244336995, "mr": 0.5182602960623715, "ps": 194.1028513035866}, "datetime": {"datetime": "2021-06-19 10:08:16", "elapsed": 49098.86902, "delta": 8356.183102}}
{"target": 3.7955200000000002, "params": {"gl": 14.798120652572784, "mr": 0.01, "ps": 185.1224025113834}, "datetime": {"datetime": "2021-06-19 12:13:15", "elapsed": 56598.455858, "delta": 7499.586838}}
{"target": 1.51126, "params": {"gl": 50.0, "mr": 1.0, "ps": 56.33130577493345}, "datetime": {"datetime": "2021-06-19 13:29:35", "elapsed": 61178.019738, "delta": 4579.56388}}
{"target": 2.0062, "params": {"gl": 10.0, "mr": 1.0, "ps": 153.62377847301022}, "datetime": {"datetime": "2021-06-19 15:13:47", "elapsed": 67429.764663, "delta": 6251.744925}}
{"target": -0.9279100000000001, "params": {"gl": 50.0, "mr": 0.01, "ps": 1.0}, "datetime": {"datetime": "2021-06-19 16:00:19", "elapsed": 70222.016685, "delta": 2792.252022}}
{"target": 2.26895, "params": {"gl": 10.0, "mr": 0.01, "ps": 200.0}, "datetime": {"datetime": "2021-06-19 17:32:48", "elapsed": 75771.486544, "delta": 5549.469859}}
