{"target": 3.7444300000000004, "params": {"gl": 20.0, "mr": 0.05, "ps": 50.0}, "datetime": {"datetime": "2021-06-16 17:18:17", "elapsed": 0.0, "delta": 0.0}}
{"target": 4.104900000000002, "params": {"gl": 20.976270078546495, "mr": 0.6721514930979355, "ps": 60.67357423109274}, "datetime": {"datetime": "2021-06-16 18:45:30", "elapsed": 5233.739914, "delta": 5233.739914}}
{"target": 4.15466, "params": {"gl": 20.897663659937937, "mr": 0.4389238394711238, "ps": 64.94351719359895}, "datetime": {"datetime": "2021-06-16 20:21:46", "elapsed": 11009.022929, "delta": 5775.283015}}
{"target": 4.336049999999999, "params": {"gl": 18.75174422525385, "mr": 0.8134184006256638, "ps": 96.4026132896019}, "datetime": {"datetime": "2021-06-16 21:53:42", "elapsed": 16524.958191, "delta": 5515.935262}}
{"target": 3.6529899999999986, "params": {"gl": 17.668830376515555, "mr": 0.7333800304661316, "ps": 53.360597055537546}, "datetime": {"datetime": "2021-06-16 23:27:09", "elapsed": 22132.364396, "delta": 5607.406205}}
{"target": 2.12799, "params": {"gl": 21.360891221878646, "mr": 0.8404773106341289, "ps": 8.032569761590807}, "datetime": {"datetime": "2021-06-17 00:46:12", "elapsed": 26875.323491, "delta": 4742.959095}}
{"target": 5.35996, "params": {"gl": 30.0, "mr": 0.9, "ps": 84.19121051303055}, "datetime": {"datetime": "2021-06-17 02:34:01", "elapsed": 33344.535469, "delta": 6469.211978}}
{"target": 5.2487400000000015, "params": {"gl": 30.0, "mr": 0.1, "ps": 100.0}, "datetime": {"datetime": "2021-06-17 04:43:19", "elapsed": 41102.102922, "delta": 7757.567453}}
{"target": 5.3347500000000005, "params": {"gl": 30.0, "mr": 0.1, "ps": 91.43641048093038}, "datetime": {"datetime": "2021-06-17 06:47:43", "elapsed": 48566.563381, "delta": 7464.460459}}
{"target": 5.03367, "params": {"gl": 30.0, "mr": 0.1, "ps": 74.28451523568941}, "datetime": {"datetime": "2021-06-17 08:31:46", "elapsed": 54809.634362, "delta": 6243.070981}}
{"target": 5.261530000000001, "params": {"gl": 30.0, "mr": 0.1, "ps": 85.89259940899628}, "datetime": {"datetime": "2021-06-17 10:27:10", "elapsed": 61733.458139, "delta": 6923.823777}}
{"target": 4.7002299999999995, "params": {"gl": 24.88615616094603, "mr": 0.9, "ps": 81.8247342878897}, "datetime": {"datetime": "2021-06-17 11:58:22", "elapsed": 67205.632014, "delta": 5472.173875}}
{"target": 5.03067, "params": {"gl": 30.0, "mr": 0.9, "ps": 95.43788809503816}, "datetime": {"datetime": "2021-06-17 13:57:21", "elapsed": 74344.054508, "delta": 7138.422494}}
{"target": 4.178709999999998, "params": {"gl": 30.0, "mr": 0.9, "ps": 33.38712477179533}, "datetime": {"datetime": "2021-06-17 15:30:54", "elapsed": 79957.220479, "delta": 5613.165971}}
