{"target": 1.6799400000000002, "params": {"gl": 10.0, "mr": 1.0, "ps": 30.71331208391467}, "datetime": {"datetime": "2021-06-19 21:18:41", "elapsed": 0.0, "delta": 0.0}}
{"target": 2.7506100000000004, "params": {"gl": 50.0, "mr": 1.0, "ps": 120.0492034391981}, "datetime": {"datetime": "2021-06-19 23:28:18", "elapsed": 7777.012844, "delta": 7777.012844}}
{"target": 5.473819999999998, "params": {"gl": 28.181042649435778, "mr": 0.9794726057559714, "ps": 126.69539977488152}, "datetime": {"datetime": "2021-06-20 01:12:45", "elapsed": 14044.361954, "delta": 6267.34911}}
{"target": 1.7984399999999996, "params": {"gl": 10.0, "mr": 1.0, "ps": 122.47291633274817}, "datetime": {"datetime": "2021-06-20 03:00:15", "elapsed": 20494.599955, "delta": 6450.238001}}
{"target": 1.1393399999999998, "params": {"gl": 50.0, "mr": 0.01, "ps": 31.503135474725568}, "datetime": {"datetime": "2021-06-20 04:22:11", "elapsed": 25410.566059, "delta": 4915.966104}}
{"target": 5.562119999999998, "params": {"gl": 31.128851900241038, "mr": 1.0, "ps": 166.960459107105}, "datetime": {"datetime": "2021-06-20 06:36:31", "elapsed": 33470.563771, "delta": 8059.997712}}
{"target": 5.772760000000002, "params": {"gl": 34.78331100647134, "mr": 0.2506666648578045, "ps": 151.08197814855026}, "datetime": {"datetime": "2021-06-20 09:03:18", "elapsed": 42277.36746, "delta": 8806.803689}}
{"target": 5.7102699999999995, "params": {"gl": 31.137804373335438, "mr": 0.01, "ps": 185.00535497605563}, "datetime": {"datetime": "2021-06-20 11:32:09", "elapsed": 51208.85461, "delta": 8931.48715}}
{"target": 5.714709999999999, "params": {"gl": 31.68521839410665, "mr": 0.9964417781288419, "ps": 157.64488965458028}, "datetime": {"datetime": "2021-06-20 13:48:06", "elapsed": 59365.600452, "delta": 8156.745842}}
{"target": 5.16986, "params": {"gl": 30.3109250359603, "mr": 0.0785844579156479, "ps": 119.63743541844919}, "datetime": {"datetime": "2021-06-20 15:28:48", "elapsed": 65407.179726, "delta": 6041.579274}}
{"target": 5.5583300000000015, "params": {"gl": 35.28676943976578, "mr": 0.7412072955846105, "ps": 179.24777720735443}, "datetime": {"datetime": "2021-06-20 18:04:17", "elapsed": 74736.713061, "delta": 9329.533335}}
