{"target": 4.29872, "params": {"gl": 42.31420080393002, "mr": 1.0, "ps": 83.98375175134014}, "datetime": {"datetime": "2021-06-17 18:21:10", "elapsed": 0.0, "delta": 0.0}}
{"target": 5.32455, "params": {"gl": 33.96679478256226, "mr": 0.1, "ps": 111.69160775982222}, "datetime": {"datetime": "2021-06-17 19:50:03", "elapsed": 5332.804596, "delta": 5332.804596}}
{"target": 4.702709999999999, "params": {"gl": 22.08988082537853, "mr": 0.1, "ps": 114.56221383279126}, "datetime": {"datetime": "2021-06-17 21:41:42", "elapsed": 12031.798357, "delta": 6698.993761}}
{"target": 4.579459999999999, "params": {"gl": 42.83425974866627, "mr": 0.1, "ps": 104.497182883326}, "datetime": {"datetime": "2021-06-17 23:18:13", "elapsed": 17823.055736, "delta": 5791.257379}}
{"target": 5.094659999999999, "params": {"gl": 38.43283931156716, "mr": 0.1, "ps": 125.52273956176919}, "datetime": {"datetime": "2021-06-18 01:03:45", "elapsed": 24155.005824, "delta": 6331.950088}}
{"target": 5.2638, "params": {"gl": 30.509595738104125, "mr": 1.0, "ps": 139.22563715753643}, "datetime": {"datetime": "2021-06-18 02:41:37", "elapsed": 30027.155571, "delta": 5872.149747}}
{"target": 4.3234900000000005, "params": {"gl": 43.84574957800885, "mr": 1.0, "ps": 141.52498503817688}, "datetime": {"datetime": "2021-06-18 04:42:32", "elapsed": 37282.063396, "delta": 7254.907825}}
{"target": 4.537109999999999, "params": {"gl": 18.704511690883916, "mr": 0.1, "ps": 136.12653202835557}, "datetime": {"datetime": "2021-06-18 06:38:52", "elapsed": 44261.852549, "delta": 6979.789153}}
{"target": 5.321579999999999, "params": {"gl": 26.61461006933343, "mr": 0.44387964685944725, "ps": 152.47031054880011}, "datetime": {"datetime": "2021-06-18 08:15:02", "elapsed": 50031.9558, "delta": 5770.103251}}
{"target": 5.03989, "params": {"gl": 22.665067417909288, "mr": 1.0, "ps": 164.97139062734678}, "datetime": {"datetime": "2021-06-18 09:39:42", "elapsed": 55111.679807, "delta": 5079.724007}}
{"target": 5.537290000000002, "params": {"gl": 36.25080367097097, "mr": 0.1, "ps": 161.57510301429028}, "datetime": {"datetime": "2021-06-18 11:45:41", "elapsed": 62670.908943, "delta": 7559.229136}}
{"target": 5.445400000000002, "params": {"gl": 38.36772711481435, "mr": 0.1, "ps": 173.10709385729717}, "datetime": {"datetime": "2021-06-18 14:04:46", "elapsed": 71015.901467, "delta": 8344.992524}}
{"target": 3.2434799999999995, "params": {"gl": 48.39841326572011, "mr": 0.1, "ps": 166.30846711795414}, "datetime": {"datetime": "2021-06-18 16:10:20", "elapsed": 78549.827728, "delta": 7533.926261}}
