{"target": 3.00516, "params": {"cellSize": 6.032785458901661, "er": 10.085062482770628, "rd": 24.761246815434585, "steps": 558.6306333869535}, "datetime": {"datetime": "2021-06-18 19:55:11", "elapsed": 0.0, "delta": 0.0}}
{"target": 3.81283, "params": {"cellSize": 5.095639394552816, "er": 2.236929404596536, "rd": 26.609481891366066, "steps": 560.126251407135}, "datetime": {"datetime": "2021-06-18 21:25:32", "elapsed": 5420.726926, "delta": 5420.726926}}
{"target": 1.4838300000000002, "params": {"cellSize": 7.240330408868566, "er": 8.281728688747016, "rd": 27.861258868828127, "steps": 559.8573988167186}, "datetime": {"datetime": "2021-06-18 22:33:26", "elapsed": 9495.37148, "delta": 4074.644554}}
{"target": 1.5186600000000003, "params": {"cellSize": 7.611828367724101, "er": 8.788621376414081, "rd": 21.624725858716076, "steps": 567.5163740573382}, "datetime": {"datetime": "2021-06-18 23:48:27", "elapsed": 13995.921571, "delta": 4500.550091}}
{"target": 3.7515199999999997, "params": {"cellSize": 5.479089194492824, "er": 8.306172258233225, "rd": 22.919008090017275, "steps": 562.2083765135894}, "datetime": {"datetime": "2021-06-19 01:22:12", "elapsed": 19621.449311, "delta": 5625.52774}}
{"target": 2.30926, "params": {"cellSize": 6.741061017245688, "er": 8.049476695769473, "rd": 25.25336352554362, "steps": 569.7733177456531}, "datetime": {"datetime": "2021-06-19 02:33:59", "elapsed": 23928.339727, "delta": 4306.890416}}
{"target": 2.502310000000001, "params": {"cellSize": 6.1071633761948725, "er": 9.436653364388894, "rd": 20.38887331710756, "steps": 560.1906438966989}, "datetime": {"datetime": "2021-06-19 03:53:55", "elapsed": 28724.417629, "delta": 4796.077902}}
{"target": 3.898170000000002, "params": {"cellSize": 5.240164326132061, "er": 1.869897125505585, "rd": 24.750896763700894, "steps": 558.7432183419772}, "datetime": {"datetime": "2021-06-19 05:22:17", "elapsed": 34026.114412, "delta": 5301.696783}}
{"target": 4.04336, "params": {"cellSize": 5.253830048316744, "er": 12.642389344898907, "rd": 23.97924505829486, "steps": 557.761030498048}, "datetime": {"datetime": "2021-06-19 06:53:13", "elapsed": 39482.448802, "delta": 5456.33439}}
{"target": 3.237409999999999, "params": {"cellSize": 5.6696394976288715, "er": 16.288020283967317, "rd": 20.90328387972662, "steps": 559.0809487737386}, "datetime": {"datetime": "2021-06-19 08:21:51", "elapsed": 44800.577609, "delta": 5318.128807}}
{"target": 4.21779, "params": {"cellSize": 5.0, "er": 10.370974137336567, "rd": 21.557527316267805, "steps": 556.4900232342375}, "datetime": {"datetime": "2021-06-19 09:56:06", "elapsed": 50454.742351, "delta": 5654.164742}}
{"target": 2.24737, "params": {"cellSize": 6.647877821538985, "er": 12.446203375119214, "rd": 21.8652176511169, "steps": 551.3626721076937}, "datetime": {"datetime": "2021-06-19 11:13:09", "elapsed": 55077.748248, "delta": 4623.005897}}
{"target": 4.058259999999999, "params": {"cellSize": 5.208931615761402, "er": 15.42889936639787, "rd": 26.403931573546345, "steps": 558.0491842329368}, "datetime": {"datetime": "2021-06-19 12:46:33", "elapsed": 60681.704836, "delta": 5603.956588}}
{"target": 4.12465, "params": {"cellSize": 5.0, "er": 16.86454769088014, "rd": 25.192998481166224, "steps": 561.197988588831}, "datetime": {"datetime": "2021-06-19 14:19:28", "elapsed": 66256.892124, "delta": 5575.187288}}
{"target": 3.35299, "params": {"cellSize": 5.628406829492928, "er": 18.6342412793833, "rd": 24.402131379228447, "steps": 555.3609128583057}, "datetime": {"datetime": "2021-06-19 15:45:11", "elapsed": 71399.778668, "delta": 5142.886544}}
