{"target": 1.5195300000000005, "params": {"cellSize": 8.453005301594194, "er": 18.53111208913412, "rd": 28.32183167513502, "steps": 560.4135241381791}, "datetime": {"datetime": "2021-06-19 20:53:02", "elapsed": 0.0, "delta": 0.0}}
{"target": 3.271980000000001, "params": {"cellSize": 5.187002665584083, "er": 14.42865406794094, "rd": 14.702360738874702, "steps": 555.2181669688546}, "datetime": {"datetime": "2021-06-19 22:59:51", "elapsed": 7609.585588, "delta": 7609.585588}}
{"target": 1.0804199999999997, "params": {"cellSize": 9.374989286117334, "er": 12.551255723223838, "rd": 12.074455613154917, "steps": 560.4116289852036}, "datetime": {"datetime": "2021-06-20 00:37:36", "elapsed": 13473.920593, "delta": 5864.335005}}
{"target": 2.728520000000002, "params": {"cellSize": 5.675855245417667, "er": 8.111057492386065, "rd": 18.6150455336163, "steps": 573.6423850529922}, "datetime": {"datetime": "2021-06-20 02:22:08", "elapsed": 19746.324943, "delta": 6272.40435}}
{"target": 3.2318999999999996, "params": {"cellSize": 5.077083796266361, "er": 7.069323099692601, "rd": 15.373689525815992, "steps": 554.6497270766963}, "datetime": {"datetime": "2021-06-20 04:17:13", "elapsed": 26650.906191, "delta": 6904.581248}}
{"target": 4.028659999999999, "params": {"cellSize": 5.0314592780446485, "er": 13.856545010290123, "rd": 26.975543950836386, "steps": 559.8978169011621}, "datetime": {"datetime": "2021-06-20 06:15:18", "elapsed": 33736.110646, "delta": 7085.204455}}
{"target": 1.7625399999999996, "params": {"cellSize": 5.820848604338739, "er": 17.649604819703416, "rd": 12.99812887252318, "steps": 550.5681137133975}, "datetime": {"datetime": "2021-06-20 07:55:24", "elapsed": 39742.298559, "delta": 6006.187913}}
{"target": 3.11071, "params": {"cellSize": 5.8532119821460515, "er": 1.4449383818154304, "rd": 31.970806809714336, "steps": 557.936389161481}, "datetime": {"datetime": "2021-06-20 09:30:35", "elapsed": 45452.845538, "delta": 5710.546979}}
{"target": 1.72473, "params": {"cellSize": 6.266414843068745, "er": 0.9263772986721389, "rd": 38.59184954186969, "steps": 561.4857645839255}, "datetime": {"datetime": "2021-06-20 10:47:50", "elapsed": 50088.424508, "delta": 4635.57897}}
{"target": 3.9481099999999985, "params": {"cellSize": 5.222506415421314, "er": 19.88521731539115, "rd": 21.913570429660865, "steps": 564.3752055707193}, "datetime": {"datetime": "2021-06-20 12:42:02", "elapsed": 56940.381915, "delta": 6851.957407}}
{"target": 1.0138000000000005, "params": {"cellSize": 7.296400165648965, "er": 19.401916384806402, "rd": 19.20548375763151, "steps": 568.5453516712219}, "datetime": {"datetime": "2021-06-20 14:04:39", "elapsed": 61896.949508, "delta": 4956.567593}}
{"target": 0.4989699999999999, "params": {"cellSize": 5.0, "er": 0.01, "rd": 27.455312869009784, "steps": 557.9114214143441}, "datetime": {"datetime": "2021-06-20 15:32:45", "elapsed": 67183.504296, "delta": 5286.554788}}
{"target": 4.06899, "params": {"cellSize": 5.070970733690176, "er": 14.034159442488438, "rd": 26.185840941961974, "steps": 557.0477546859506}, "datetime": {"datetime": "2021-06-20 17:14:54", "elapsed": 73311.61182, "delta": 6128.107524}}
{"target": 3.89817, "params": {"cellSize": 5.606303263890082, "er": 12.881816119960225, "rd": 28.21229162291399, "steps": 558.2372981336557}, "datetime": {"datetime": "2021-06-20 18:58:33", "elapsed": 79531.324338, "delta": 6219.712518}}
