{"target": 6.419739999999999, "params": {"er": 9.756142920511861, "rd": 28.496472078245493}, "datetime": {"datetime": "2021-06-18 19:40:44", "elapsed": 0.0, "delta": 0.0}}
{"target": 6.05856, "params": {"er": 12.577680836260367, "rd": 25.859192045334215}, "datetime": {"datetime": "2021-06-18 20:48:25", "elapsed": 4061.477103, "delta": 4061.477103}}
{"target": 6.515670000000003, "params": {"er": 20.0, "rd": 28.685388958804694}, "datetime": {"datetime": "2021-06-18 21:55:24", "elapsed": 8080.05587, "delta": 4018.578767}}
{"target": 6.37538, "params": {"er": 16.91287681950733, "rd": 28.91371863719651}, "datetime": {"datetime": "2021-06-18 23:01:40", "elapsed": 12056.109853, "delta": 3976.053983}}
{"target": 6.259070000000001, "params": {"er": 17.260140829559916, "rd": 26.094270437663226}, "datetime": {"datetime": "2021-06-19 00:09:31", "elapsed": 16126.85856, "delta": 4070.748707}}
{"target": 6.357399999999999, "params": {"er": 14.67875055256455, "rd": 27.343975658044087}, "datetime": {"datetime": "2021-06-19 01:18:42", "elapsed": 20277.630792, "delta": 4150.772232}}
{"target": 6.6059699999999975, "params": {"er": 12.605250090016979, "rd": 29.987844687869952}, "datetime": {"datetime": "2021-06-19 02:26:04", "elapsed": 24320.226838, "delta": 4042.596046}}
{"target": 4.72277, "params": {"er": 14.402022126847656, "rd": 17.00652205235581}, "datetime": {"datetime": "2021-06-19 03:37:17", "elapsed": 28592.725522, "delta": 4272.498684}}
{"target": 5.784850000000001, "params": {"er": 12.488646394374962, "rd": 22.911637977398087}, "datetime": {"datetime": "2021-06-19 04:46:36", "elapsed": 32751.858731, "delta": 4159.133209}}
{"target": 6.339610000000001, "params": {"er": 4.99184402496387, "rd": 26.47829461926576}, "datetime": {"datetime": "2021-06-19 05:55:44", "elapsed": 36900.344645, "delta": 4148.485914}}
{"target": 6.360930000000003, "params": {"er": 20.0, "rd": 26.841960704819694}, "datetime": {"datetime": "2021-06-19 07:04:22", "elapsed": 41018.328123, "delta": 4117.983478}}
{"target": 6.5349999999999975, "params": {"er": 13.847636317699303, "rd": 29.790974298876446}, "datetime": {"datetime": "2021-06-19 08:13:33", "elapsed": 45169.499014, "delta": 4151.170891}}
{"target": 5.775989999999998, "params": {"er": 8.4505967517157, "rd": 24.455226910101935}, "datetime": {"datetime": "2021-06-19 09:24:18", "elapsed": 49413.674211, "delta": 4244.175197}}
{"target": 6.301659999999999, "params": {"er": 16.229587134063543, "rd": 27.06992282490573}, "datetime": {"datetime": "2021-06-19 10:33:00", "elapsed": 53535.599365, "delta": 4121.925154}}
{"target": 5.724620000000001, "params": {"er": 16.954405991236573, "rd": 22.67565447922094}, "datetime": {"datetime": "2021-06-19 11:43:55", "elapsed": 57790.76365, "delta": 4255.164285}}
