{"target": 6.3015300000000005, "params": {"er": 15.161038238481401, "rd": 28.61544208658415}, "datetime": {"datetime": "2021-06-19 21:12:49", "elapsed": 0.0, "delta": 0.0}}
{"target": 4.782869999999999, "params": {"er": 3.7036870297080045, "rd": 17.858700935129846}, "datetime": {"datetime": "2021-06-19 23:16:04", "elapsed": 7395.429719, "delta": 7395.429719}}
{"target": 5.058440000000001, "params": {"er": 11.586843722731683, "rd": 19.977888885164027}, "datetime": {"datetime": "2021-06-20 00:50:31", "elapsed": 13061.807376, "delta": 5666.377657}}
{"target": 4.45599, "params": {"er": 0.014516846127722404, "rd": 26.200225846844255}, "datetime": {"datetime": "2021-06-20 03:55:23", "elapsed": 24154.244067, "delta": 11092.436691}}
{"target": 6.625579999999998, "params": {"er": 3.140085792936926, "rd": 28.78408525994705}, "datetime": {"datetime": "2021-06-20 05:15:46", "elapsed": 28976.57537, "delta": 4822.331303}}
{"target": 6.396900000000001, "params": {"er": 2.8992286009842854, "rd": 27.508946137854107}, "datetime": {"datetime": "2021-06-20 06:35:33", "elapsed": 33763.663447, "delta": 4787.088077}}
{"target": 6.553879999999997, "params": {"er": 3.0885062513329054, "rd": 29.97214637079589}, "datetime": {"datetime": "2021-06-20 07:55:09", "elapsed": 38539.682122, "delta": 4776.018675}}
{"target": 6.408889999999999, "params": {"er": 7.552057718066816, "rd": 29.286457474533524}, "datetime": {"datetime": "2021-06-20 09:12:29", "elapsed": 43179.525771, "delta": 4639.843649}}
{"target": 6.36212, "params": {"er": 7.350276950363072, "rd": 26.588302024483554}, "datetime": {"datetime": "2021-06-20 10:31:09", "elapsed": 47900.327833, "delta": 4720.802062}}
{"target": 5.361860000000002, "params": {"er": 17.034872477374694, "rd": 19.255198079994916}, "datetime": {"datetime": "2021-06-20 11:57:14", "elapsed": 53064.62215, "delta": 5164.294317}}
{"target": 6.50582, "params": {"er": 11.22471005349172, "rd": 27.537524199186354}, "datetime": {"datetime": "2021-06-20 13:14:40", "elapsed": 57710.921744, "delta": 4646.299594}}
{"target": 6.15432, "params": {"er": 18.74258815841782, "rd": 26.0226387535116}, "datetime": {"datetime": "2021-06-20 14:34:01", "elapsed": 62472.120877, "delta": 4761.199133}}
{"target": 6.647970000000002, "params": {"er": 11.23692978254557, "rd": 29.160998407798488}, "datetime": {"datetime": "2021-06-20 15:49:59", "elapsed": 67030.330249, "delta": 4558.209372}}
{"target": 6.587530000000002, "params": {"er": 3.9104572898629106, "rd": 29.195548971478498}, "datetime": {"datetime": "2021-06-20 17:09:01", "elapsed": 71772.075237, "delta": 4741.744988}}
{"target": 6.544879999999997, "params": {"er": 11.328852958028321, "rd": 29.94394545241654}, "datetime": {"datetime": "2021-06-20 18:28:23", "elapsed": 76533.831391, "delta": 4761.756154}}
