{"target": 5.75452, "params": {"er": 20.0, "rd": 24.369575610702892}, "datetime": {"datetime": "2021-06-17 18:46:17", "elapsed": 0.0, "delta": 0.0}}
{"target": 6.747910000000003, "params": {"er": 20.0, "rd": 30.0}, "datetime": {"datetime": "2021-06-17 19:54:32", "elapsed": 4094.728438, "delta": 4094.728438}}
{"target": 4.001950000000001, "params": {"er": 20.0, "rd": 15.458945065972786}, "datetime": {"datetime": "2021-06-17 21:05:37", "elapsed": 8359.062765, "delta": 4264.334327}}
{"target": 6.4723799999999985, "params": {"er": 15.896952856391556, "rd": 30.0}, "datetime": {"datetime": "2021-06-17 22:13:23", "elapsed": 12425.636523, "delta": 4066.573758}}
{"target": 6.05764, "params": {"er": 14.988376384892597, "rd": 24.99252918979613}, "datetime": {"datetime": "2021-06-17 23:24:49", "elapsed": 16711.225044, "delta": 4285.588521}}
{"target": 6.373119999999999, "params": {"er": 18.701352922821233, "rd": 28.141487860253115}, "datetime": {"datetime": "2021-06-18 00:34:55", "elapsed": 20917.611674, "delta": 4206.38663}}
{"target": 6.6072299999999995, "params": {"er": 17.865957238271605, "rd": 29.973385973594553}, "datetime": {"datetime": "2021-06-18 01:43:48", "elapsed": 25050.320469, "delta": 4132.708795}}
{"target": 5.638580000000001, "params": {"er": 14.401152946890777, "rd": 20.545830719765092}, "datetime": {"datetime": "2021-06-18 02:54:52", "elapsed": 29314.541447, "delta": 4264.220978}}
{"target": 6.400200000000001, "params": {"er": 12.692924052585395, "rd": 28.349445786969156}, "datetime": {"datetime": "2021-06-18 04:04:56", "elapsed": 33519.024851, "delta": 4204.483404}}
{"target": 6.711220000000003, "params": {"er": 8.193859277019575, "rd": 30.0}, "datetime": {"datetime": "2021-06-18 05:13:00", "elapsed": 37602.874378, "delta": 4083.849527}}
{"target": 6.44131, "params": {"er": 18.986434094508972, "rd": 29.997491624976274}, "datetime": {"datetime": "2021-06-18 06:21:07", "elapsed": 41689.411308, "delta": 4086.53693}}
{"target": 1.34125, "params": {"er": 20.0, "rd": 10.0}, "datetime": {"datetime": "2021-06-18 07:20:01", "elapsed": 45223.334668, "delta": 3533.92336}}
{"target": 5.18782, "params": {"er": 20.0, "rd": 20.247598992970875}, "datetime": {"datetime": "2021-06-18 08:35:04", "elapsed": 49726.631982, "delta": 4503.297314}}
{"target": 6.670840000000003, "params": {"er": 16.1114232504766, "rd": 27.859224525819762}, "datetime": {"datetime": "2021-06-18 09:48:32", "elapsed": 54134.072563, "delta": 4407.440581}}
{"target": 6.2925200000000014, "params": {"er": 2.8798811336373533, "rd": 25.85272649493384}, "datetime": {"datetime": "2021-06-18 10:58:56", "elapsed": 58358.324278, "delta": 4224.251715}}
