{"target": 2.2346199999999987, "params": {"er": 1.4142135623730951, "rd": 12.0}, "datetime": {"datetime": "2021-06-16 17:00:02", "elapsed": 0.0, "delta": 0.0}}
{"target": 6.00711, "params": {"er": 5.4926469042339745, "rd": 24.30378732744839}, "datetime": {"datetime": "2021-06-16 18:10:27", "elapsed": 4224.881589, "delta": 4224.881589}}
{"target": 5.400509999999998, "params": {"er": 6.031606126955722, "rd": 20.897663659937937}, "datetime": {"datetime": "2021-06-16 19:22:54", "elapsed": 8572.184826, "delta": 4347.303237}}
{"target": 5.85879, "params": {"er": 4.242311445395658, "rd": 22.917882261333123}, "datetime": {"datetime": "2021-06-16 20:34:10", "elapsed": 12848.313733, "delta": 4276.128907}}
{"target": 6.52244, "params": {"er": 4.381496240514298, "rd": 27.835460015641594}, "datetime": {"datetime": "2021-06-16 21:46:10", "elapsed": 17168.241858, "delta": 4319.928125}}
{"target": 5.0922399999999985, "params": {"er": 9.636990977405283, "rd": 17.668830376515555}, "datetime": {"datetime": "2021-06-16 23:01:45", "elapsed": 21703.604855, "delta": 4535.362997}}
{"target": 4.177, "params": {"er": 0.01, "rd": 30.0}, "datetime": {"datetime": "2021-06-17 01:24:47", "elapsed": 30285.307999, "delta": 8581.703144}}
{"target": 6.548719999999998, "params": {"er": 9.979096472317107, "rd": 30.0}, "datetime": {"datetime": "2021-06-17 02:34:09", "elapsed": 34447.593344, "delta": 4162.285345}}
{"target": 6.646359999999999, "params": {"er": 6.672304809703037, "rd": 30.0}, "datetime": {"datetime": "2021-06-17 03:45:16", "elapsed": 38713.974897, "delta": 4266.381553}}
{"target": 6.268970000000001, "params": {"er": 10.0, "rd": 26.209875167386922}, "datetime": {"datetime": "2021-06-17 04:55:05", "elapsed": 42903.252005, "delta": 4189.277108}}
{"target": 1.46255, "params": {"er": 10.0, "rd": 10.0}, "datetime": {"datetime": "2021-06-17 05:53:40", "elapsed": 46417.981932, "delta": 3514.729927}}
{"target": 4.183379999999999, "params": {"er": 0.01, "rd": 22.023421853539944}, "datetime": {"datetime": "2021-06-17 08:05:01", "elapsed": 54299.219845, "delta": 7881.237913}}
{"target": 6.46638, "params": {"er": 7.5323616866461505, "rd": 28.080188636042642}, "datetime": {"datetime": "2021-06-17 09:14:25", "elapsed": 58463.021498, "delta": 4163.801653}}
{"target": 5.9063799999999995, "params": {"er": 10.0, "rd": 22.070110520462382}, "datetime": {"datetime": "2021-06-17 10:23:22", "elapsed": 62599.739743, "delta": 4136.718245}}
{"target": 6.480909999999998, "params": {"er": 4.839143318223679, "rd": 30.0}, "datetime": {"datetime": "2021-06-17 11:33:15", "elapsed": 66792.913029, "delta": 4193.173286}}
{"target": 6.507529999999998, "params": {"er": 5.779785686073693, "rd": 28.766420350069993}, "datetime": {"datetime": "2021-06-17 12:43:52", "elapsed": 71030.465472, "delta": 4237.552443}}
