{"target": 6.82978, "params": {"er": 17.063937423618036, "rd": 34.64531668906134}, "datetime": {"datetime": "2021-06-21 21:39:44", "elapsed": 0.0, "delta": 0.0}}
{"target": 6.8343, "params": {"er": 7.805778718651435, "rd": 34.894420897604384}, "datetime": {"datetime": "2021-06-21 22:55:16", "elapsed": 4532.288943, "delta": 4532.288943}}
{"target": 6.644210000000003, "params": {"er": 12.492901456685418, "rd": 37.04810785499477}, "datetime": {"datetime": "2021-06-22 00:16:50", "elapsed": 9425.461564, "delta": 4893.172621}}
{"target": 6.677059999999998, "params": {"er": 7.989451507451927, "rd": 41.21352296919994}, "datetime": {"datetime": "2021-06-22 01:39:27", "elapsed": 14382.800241, "delta": 4957.338677}}
{"target": 6.478850000000001, "params": {"er": 13.342920486296988, "rd": 43.19135456364957}, "datetime": {"datetime": "2021-06-22 02:57:22", "elapsed": 19058.308653, "delta": 4675.508412}}
{"target": 6.008000000000001, "params": {"er": 8.1648112735056, "rd": 47.01804859869406}, "datetime": {"datetime": "2021-06-22 04:13:17", "elapsed": 23612.473078, "delta": 4554.164425}}
{"target": 6.700069999999999, "params": {"er": 20.0, "rd": 39.831638506325504}, "datetime": {"datetime": "2021-06-22 05:31:29", "elapsed": 28305.078595, "delta": 4692.605517}}
{"target": 6.334060000000001, "params": {"er": 19.82369477566636, "rd": 45.42602941842735}, "datetime": {"datetime": "2021-06-22 06:50:30", "elapsed": 33046.253902, "delta": 4741.175307}}
{"target": 6.464180000000004, "params": {"er": 3.075705510586069, "rd": 39.362668081031835}, "datetime": {"datetime": "2021-06-22 08:07:24", "elapsed": 37659.705326, "delta": 4613.451424}}
{"target": 6.81103, "params": {"er": 20.0, "rd": 34.04501357566279}, "datetime": {"datetime": "2021-06-22 09:28:12", "elapsed": 42507.875977, "delta": 4848.170651}}
{"target": 6.0672299999999995, "params": {"er": 0.897936639363856, "rd": 45.10778662441618}, "datetime": {"datetime": "2021-06-22 10:45:02", "elapsed": 47117.663634, "delta": 4609.787657}}
{"target": 5.030870000000001, "params": {"er": 15.344905537843665, "rd": 49.86702362959226}, "datetime": {"datetime": "2021-06-22 11:59:20", "elapsed": 51576.211327, "delta": 4458.547693}}
{"target": 6.6488499999999995, "params": {"er": 16.03963288286423, "rd": 39.77052624358639}, "datetime": {"datetime": "2021-06-22 13:15:28", "elapsed": 56143.687245, "delta": 4567.475918}}
{"target": 5.1727300000000005, "params": {"er": 2.3972054708528767, "rd": 50.0}, "datetime": {"datetime": "2021-06-22 14:36:57", "elapsed": 61032.937187, "delta": 4889.249942}}
{"target": 6.703369999999999, "params": {"er": 4.121595693286364, "rd": 35.09167545470605}, "datetime": {"datetime": "2021-06-22 15:57:13", "elapsed": 65849.305437, "delta": 4816.36825}}
