{"target": 1.6113699999999997, "params": {"cellSize": 20.0, "er": 4.0, "rd": 25.0, "steps": 400.0}, "datetime": {"datetime": "2021-06-16 16:50:33", "elapsed": 0.0, "delta": 0.0}}
{"target": 0.8719599999999998, "params": {"cellSize": 18.720337598183118, "er": 7.15474177006047, "rd": 22.055267521432878, "steps": 463.4649548990691}, "datetime": {"datetime": "2021-06-16 17:44:21", "elapsed": 3227.759799, "delta": 3227.759799}}
{"target": 0.14203, "params": {"cellSize": 15.591369983472617, "er": 6.462482189535894, "rd": 18.75174422525385, "steps": 567.5319002346239}, "datetime": {"datetime": "2021-06-16 18:33:49", "elapsed": 6196.412356, "delta": 2968.652557}}
{"target": 4.021789999999999, "params": {"cellSize": 29.09156901252573, "er": 3.840580773069519, "rd": 25.834500761653292, "steps": 458.66847592587135}, "datetime": {"datetime": "2021-06-16 19:43:54", "elapsed": 10400.907346, "delta": 4204.49499}}
{"target": 0.6511, "params": {"cellSize": 19.201114027348307, "er": 9.256710416543683, "rd": 11.420721163957738, "steps": 326.1387899104622}, "datetime": {"datetime": "2021-06-16 20:50:21", "elapsed": 14388.627189, "delta": 3987.719843}}
{"target": 3.0063199999999983, "params": {"cellSize": 5.505459936008143, "er": 8.3278722570239, "rd": 25.56313501899701, "steps": 561.0036444740458}, "datetime": {"datetime": "2021-06-16 22:14:54", "elapsed": 19460.720601, "delta": 5072.093412}}
{"target": 1.4459899999999999, "params": {"cellSize": 19.90802629596694, "er": 8.037397700747752, "rd": 23.34884680638122, "steps": 453.7272786034018}, "datetime": {"datetime": "2021-06-16 23:16:56", "elapsed": 23183.267093, "delta": 3722.546492}}
{"target": 3.7684, "params": {"cellSize": 28.699557739399765, "er": 2.5743852884370897, "rd": 24.718309333029918, "steps": 458.5248592021042}, "datetime": {"datetime": "2021-06-17 00:26:10", "elapsed": 27336.989256, "delta": 4153.722163}}
{"target": 4.29589, "params": {"cellSize": 30.0, "er": 1.2705433721252914, "rd": 30.0, "steps": 455.80936394292695}, "datetime": {"datetime": "2021-06-17 01:36:28", "elapsed": 31555.478901, "delta": 4218.489645}}
{"target": 3.942070000000001, "params": {"cellSize": 29.947887390185706, "er": 0.4862343726438725, "rd": 26.19860065618379, "steps": 440.8650597225627}, "datetime": {"datetime": "2021-06-17 02:48:30", "elapsed": 35877.21853, "delta": 4321.739629}}
{"target": 4.329460000000001, "params": {"cellSize": 30.0, "er": 10.0, "rd": 30.0, "steps": 433.1556954609663}, "datetime": {"datetime": "2021-06-17 03:57:54", "elapsed": 40041.119795, "delta": 4163.901265}}
{"target": 2.5328999999999984, "params": {"cellSize": 30.0, "er": 0.01, "rd": 30.0, "steps": 425.227682409407}, "datetime": {"datetime": "2021-06-17 05:14:57", "elapsed": 44664.076921, "delta": 4622.957126}}
{"target": 2.7112499999999993, "params": {"cellSize": 29.91864267486783, "er": 8.588273180072855, "rd": 18.44795927112211, "steps": 438.2029381662293}, "datetime": {"datetime": "2021-06-17 06:25:17", "elapsed": 48883.829372, "delta": 4219.752451}}
{"target": 4.554610000000001, "params": {"cellSize": 28.615700355785112, "er": 8.746556953231773, "rd": 29.923057608199063, "steps": 442.6304519031086}, "datetime": {"datetime": "2021-06-17 07:38:14", "elapsed": 53260.765118, "delta": 4376.935746}}
{"target": 3.98156, "params": {"cellSize": 5.0, "er": 10.0, "rd": 30.0, "steps": 540.721339200701}, "datetime": {"datetime": "2021-06-17 09:04:30", "elapsed": 58437.108754, "delta": 5176.343636}}
{"target": 0.68005, "params": {"cellSize": 5.0, "er": 0.01, "rd": 30.0, "steps": 524.8255372179236}, "datetime": {"datetime": "2021-06-17 10:29:38", "elapsed": 63544.793559, "delta": 5107.684805}}
