{"target": 3.969450000000001, "params": {"cellSize": 30.0, "er": 0.01, "rd": 50.0, "steps": 330.6319171697227}, "datetime": {"datetime": "2021-06-19 20:57:12", "elapsed": 0.0, "delta": 0.0}}
{"target": 3.7977900000000004, "params": {"cellSize": 30.0, "er": 0.01, "rd": 50.0, "steps": 355.28516979514154}, "datetime": {"datetime": "2021-06-19 22:33:38", "elapsed": 5786.33311, "delta": 5786.33311}}
{"target": 3.80983, "params": {"cellSize": 30.0, "er": 0.01, "rd": 50.0, "steps": 381.86596721131735}, "datetime": {"datetime": "2021-06-20 00:04:46", "elapsed": 11254.952686, "delta": 5468.619576}}
{"target": 2.3462, "params": {"cellSize": 30.0, "er": 0.01, "rd": 28.334296243213164, "steps": 494.52786081221865}, "datetime": {"datetime": "2021-06-20 01:34:44", "elapsed": 16652.686317, "delta": 5397.733631}}
{"target": 1.942220000000001, "params": {"cellSize": 20.33051901167974, "er": 18.62663713005241, "rd": 35.64554677808217, "steps": 534.5643797238387}, "datetime": {"datetime": "2021-06-20 02:39:40", "elapsed": 20548.196903, "delta": 3895.510586}}
{"target": 4.101979999999999, "params": {"cellSize": 30.0, "er": 8.352163132894386, "rd": 50.0, "steps": 557.5238763867063}, "datetime": {"datetime": "2021-06-20 03:47:51", "elapsed": 24639.394463, "delta": 4091.19756}}
{"target": 5.063550000000001, "params": {"cellSize": 29.397034606386566, "er": 13.81435314389922, "rd": 39.716477585218485, "steps": 513.1280037445927}, "datetime": {"datetime": "2021-06-20 04:59:09", "elapsed": 28917.588932, "delta": 4278.194469}}
{"target": 5.05359, "params": {"cellSize": 30.0, "er": 20.0, "rd": 36.53301077752831, "steps": 505.0645105103379}, "datetime": {"datetime": "2021-06-20 06:18:56", "elapsed": 33704.55876, "delta": 4786.969828}}
{"target": -0.6552899999999999, "params": {"cellSize": 5.0, "er": 0.01, "rd": 10.0, "steps": 366.383334322296}, "datetime": {"datetime": "2021-06-20 07:10:47", "elapsed": 36815.963755, "delta": 3111.404995}}
{"target": 3.8003400000000003, "params": {"cellSize": 30.0, "er": 20.0, "rd": 50.0, "steps": 393.8067577915897}, "datetime": {"datetime": "2021-06-20 08:22:18", "elapsed": 41106.696724, "delta": 4290.732969}}
{"target": 4.03005, "params": {"cellSize": 30.0, "er": 20.0, "rd": 50.0, "steps": 577.8678349738304}, "datetime": {"datetime": "2021-06-20 09:32:28", "elapsed": 45316.290508, "delta": 4209.593784}}
{"target": 0.34088999999999997, "params": {"cellSize": 5.0, "er": 0.01, "rd": 50.0, "steps": 394.3305371247205}, "datetime": {"datetime": "2021-06-20 10:50:21", "elapsed": 49989.941961, "delta": 4673.651453}}
{"target": 1.1855400000000003, "params": {"cellSize": 30.0, "er": 0.01, "rd": 23.170499459611108, "steps": 300.0}, "datetime": {"datetime": "2021-06-20 12:08:56", "elapsed": 54704.244755, "delta": 4714.302794}}
{"target": 4.0498400000000006, "params": {"cellSize": 30.0, "er": 20.0, "rd": 50.0, "steps": 600.0}, "datetime": {"datetime": "2021-06-20 13:17:03", "elapsed": 58791.041207, "delta": 4086.796452}}
{"target": 4.748289999999999, "params": {"cellSize": 30.0, "er": 20.0, "rd": 29.497000700142944, "steps": 600.0}, "datetime": {"datetime": "2021-06-20 14:37:36", "elapsed": 63624.566421, "delta": 4833.525214}}
