{"target": 3.5577800000000015, "params": {"cellSize": 30.0, "er": 0.01, "rd": 50.0, "steps": 300.0}, "datetime": {"datetime": "2021-06-18 19:49:29", "elapsed": 0.0, "delta": 0.0}}
{"target": -0.51368, "params": {"cellSize": 9.389956796726295, "er": 19.814231695728992, "rd": 49.465409488452764, "steps": 301.8719283403675}, "datetime": {"datetime": "2021-06-18 20:32:30", "elapsed": 2581.314476, "delta": 2581.314476}}
{"target": 1.7528000000000004, "params": {"cellSize": 5.0, "er": 20.0, "rd": 10.199477576696173, "steps": 542.0504708384531}, "datetime": {"datetime": "2021-06-18 21:56:41", "elapsed": 7632.336579, "delta": 5051.022103}}
{"target": -0.09616999999999994, "params": {"cellSize": 5.0, "er": 0.01, "rd": 50.0, "steps": 600.0}, "datetime": {"datetime": "2021-06-18 22:55:10", "elapsed": 11141.015964, "delta": 3508.679385}}
{"target": 3.9239200000000007, "params": {"cellSize": 30.0, "er": 0.01, "rd": 50.0, "steps": 509.7841334885001}, "datetime": {"datetime": "2021-06-19 00:14:10", "elapsed": 15881.001362, "delta": 4739.985398}}
{"target": 3.8887299999999976, "params": {"cellSize": 30.0, "er": 20.0, "rd": 50.0, "steps": 522.6082508963109}, "datetime": {"datetime": "2021-06-19 01:16:39", "elapsed": 19630.671527, "delta": 3749.670165}}
{"target": 3.9880300000000006, "params": {"cellSize": 30.0, "er": 0.01, "rd": 50.0, "steps": 538.9742535005493}, "datetime": {"datetime": "2021-06-19 02:30:36", "elapsed": 24067.41441, "delta": 4436.742883}}
{"target": 1.5628599999999988, "params": {"cellSize": 30.0, "er": 20.0, "rd": 10.0, "steps": 371.5893365241324}, "datetime": {"datetime": "2021-06-19 03:54:52", "elapsed": 29122.881864, "delta": 5055.467454}}
{"target": 4.88903, "params": {"cellSize": 30.0, "er": 20.0, "rd": 30.566201071104537, "steps": 472.0493771855791}, "datetime": {"datetime": "2021-06-19 05:06:06", "elapsed": 33397.378325, "delta": 4274.496461}}
{"target": 4.812869999999998, "params": {"cellSize": 30.0, "er": 11.778566894907922, "rd": 32.180214290280865, "steps": 537.23242790652}, "datetime": {"datetime": "2021-06-19 06:16:55", "elapsed": 37646.42456, "delta": 4249.046235}}
{"target": 2.0610199999999996, "params": {"cellSize": 30.0, "er": 0.01, "rd": 26.636430382584894, "steps": 541.0225273830642}, "datetime": {"datetime": "2021-06-19 07:31:27", "elapsed": 42118.135428, "delta": 4471.710868}}
{"target": 4.530979999999999, "params": {"cellSize": 28.04069301056162, "er": 16.539276632686562, "rd": 41.88825748271716, "steps": 544.0326841680311}, "datetime": {"datetime": "2021-06-19 08:38:48", "elapsed": 46159.291488, "delta": 4041.15606}}
{"target": 4.831530000000002, "params": {"cellSize": 30.0, "er": 20.0, "rd": 33.10784742995494, "steps": 528.0766134915465}, "datetime": {"datetime": "2021-06-19 09:50:26", "elapsed": 50457.358777, "delta": 4298.067289}}
{"target": 4.279880000000001, "params": {"cellSize": 30.0, "er": 20.0, "rd": 27.466636182553692, "steps": 542.1175444348376}, "datetime": {"datetime": "2021-06-19 11:02:18", "elapsed": 54768.81315, "delta": 4311.454373}}
{"target": 1.68201, "params": {"cellSize": 5.0, "er": 20.0, "rd": 10.0, "steps": 600.0}, "datetime": {"datetime": "2021-06-19 12:20:13", "elapsed": 59444.507551, "delta": 4675.694401}}
