{"target": 2.625059999999999, "params": {"cellSize": 6.382764822759755, "er": 4.929227855375918, "rd": 27.32166746130725, "steps": 557.5466502007725}, "datetime": {"datetime": "2021-06-17 18:14:39", "elapsed": 0.0, "delta": 0.0}}
{"target": 4.358910000000002, "params": {"cellSize": 5.0, "er": 9.377927024046995, "rd": 21.929832060646376, "steps": 562.4433896902242}, "datetime": {"datetime": "2021-06-17 19:55:36", "elapsed": 6056.91692, "delta": 6056.91692}}
{"target": 4.154740000000001, "params": {"cellSize": 5.0, "er": 12.677702066410168, "rd": 23.368234619184957, "steps": 560.7583767645826}, "datetime": {"datetime": "2021-06-17 21:33:22", "elapsed": 11922.832854, "delta": 5865.915934}}
{"target": 0.44894999999999996, "params": {"cellSize": 5.843691966784169, "er": 0.05205748652565715, "rd": 22.451071621317848, "steps": 555.0540047476412}, "datetime": {"datetime": "2021-06-17 22:40:05", "elapsed": 15926.351496, "delta": 4003.518642}}
{"target": 1.6118499999999998, "params": {"cellSize": 6.957614233253619, "er": 11.604689095550835, "rd": 25.677808044246973, "steps": 564.8015841730705}, "datetime": {"datetime": "2021-06-17 23:52:12", "elapsed": 20253.74437, "delta": 4327.392874}}
{"target": 2.08039, "params": {"cellSize": 6.487651169327311, "er": 8.213151084082488, "rd": 20.415486030473133, "steps": 563.3593983932549}, "datetime": {"datetime": "2021-06-18 01:09:36", "elapsed": 24896.815998, "delta": 4643.071628}}
{"target": 1.4143200000000005, "params": {"cellSize": 7.390067823175446, "er": 7.483626797651106, "rd": 22.134912847413027, "steps": 560.4664539595963}, "datetime": {"datetime": "2021-06-18 02:21:48", "elapsed": 29228.914152, "delta": 4332.098154}}
{"target": 2.2684299999999995, "params": {"cellSize": 6.411628013963151, "er": 10.809270926184515, "rd": 21.68358668464956, "steps": 562.9745890521224}, "datetime": {"datetime": "2021-06-18 03:42:40", "elapsed": 34081.598258, "delta": 4852.684106}}
{"target": 2.8113699999999993, "params": {"cellSize": 21.99433154192553, "er": 7.246556137313642, "rd": 20.683687821966053, "steps": 580.2540373415136}, "datetime": {"datetime": "2021-06-18 05:12:32", "elapsed": 39472.82256, "delta": 5391.224302}}
{"target": 0.39029, "params": {"cellSize": 24.782257957898768, "er": 19.29783140130556, "rd": 45.993445503559386, "steps": 543.6096763976395}, "datetime": {"datetime": "2021-06-18 06:08:23", "elapsed": 42824.657861, "delta": 3351.835301}}
{"target": 1.8011199999999994, "params": {"cellSize": 11.796658317505305, "er": 8.45331067450702, "rd": 17.938047540435157, "steps": 456.7039005650563}, "datetime": {"datetime": "2021-06-18 07:26:40", "elapsed": 47520.774782, "delta": 4696.116921}}
{"target": 4.033839999999999, "params": {"cellSize": 5.200520947068195, "er": 10.409082596019964, "rd": 22.621321616953722, "steps": 560.3508213317615}, "datetime": {"datetime": "2021-06-18 08:58:30", "elapsed": 53030.972669, "delta": 5510.197887}}
{"target": 3.8607500000000003, "params": {"cellSize": 5.161255328504381, "er": 9.135087211641853, "rd": 26.764611122107198, "steps": 559.151308086609}, "datetime": {"datetime": "2021-06-18 10:31:49", "elapsed": 58630.242465, "delta": 5599.269796}}
{"target": 1.9248199999999998, "params": {"cellSize": 6.920355929254727, "er": 2.2011088170869892, "rd": 23.743239395380865, "steps": 558.0466802522552}, "datetime": {"datetime": "2021-06-18 11:46:31", "elapsed": 63112.452587, "delta": 4482.210122}}
{"target": 2.9581300000000006, "params": {"cellSize": 5.719357301476337, "er": 7.3841030649989055, "rd": 18.257979945474887, "steps": 559.0575969181871}, "datetime": {"datetime": "2021-06-18 13:13:37", "elapsed": 68338.252784, "delta": 5225.800197}}
