{"target": 2.8060799999999997, "params": {"cellSize": 20.0, "er": 4.0, "rd": 25.0, "steps": 400.0}, "datetime": {"datetime": "2021-06-16 17:16:34", "elapsed": 0.0, "delta": 0.0}}
{"target": 2.4807999999999995, "params": {"cellSize": 18.720337598183118, "er": 7.15474177006047, "rd": 22.055267521432878, "steps": 463.4649548990691}, "datetime": {"datetime": "2021-06-16 18:33:10", "elapsed": 4595.924405, "delta": 4595.924405}}
{"target": 2.0700000000000007, "params": {"cellSize": 15.591369983472617, "er": 6.462482189535894, "rd": 18.75174422525385, "steps": 567.5319002346239}, "datetime": {"datetime": "2021-06-16 19:48:37", "elapsed": 9123.11429, "delta": 4527.189885}}
{"target": 1.4124900000000002, "params": {"cellSize": 29.09156901252573, "er": 3.840580773069519, "rd": 25.834500761653292, "steps": 458.66847592587135}, "datetime": {"datetime": "2021-06-16 21:08:52", "elapsed": 13937.595313, "delta": 4814.481023}}
{"target": 0.5842499999999999, "params": {"cellSize": 19.201114027348307, "er": 9.256710416543683, "rd": 11.420721163957738, "steps": 326.1387899104622}, "datetime": {"datetime": "2021-06-16 22:29:37", "elapsed": 18782.262946, "delta": 4844.667633}}
{"target": 3.8545600000000007, "params": {"cellSize": 5.505459936008143, "er": 8.3278722570239, "rd": 25.56313501899701, "steps": 561.0036444740458}, "datetime": {"datetime": "2021-06-17 00:00:45", "elapsed": 24250.121368, "delta": 5467.858422}}
{"target": 2.7006699999999997, "params": {"cellSize": 19.90802629596694, "er": 8.037397700747752, "rd": 23.34884680638122, "steps": 453.7272786034018}, "datetime": {"datetime": "2021-06-17 01:21:37", "elapsed": 29102.916751, "delta": 4852.795383}}
{"target": 4.53075, "params": {"cellSize": 5.0281035350264, "er": 9.359425031432846, "rd": 22.141178093007678, "steps": 559.4797441359474}, "datetime": {"datetime": "2021-06-17 02:55:51", "elapsed": 34756.928912, "delta": 5654.012161}}
{"target": 3.3614800000000002, "params": {"cellSize": 5.705813835039606, "er": 5.9687016391021315, "rd": 20.57352489554848, "steps": 553.188903221199}, "datetime": {"datetime": "2021-06-17 04:23:03", "elapsed": 39988.437049, "delta": 5231.508137}}
{"target": 3.46998, "params": {"cellSize": 5.0, "er": 10.0, "rd": 15.468950770866785, "steps": 561.0618424807989}, "datetime": {"datetime": "2021-06-17 05:53:40", "elapsed": 45425.517532, "delta": 5437.080483}}
{"target": 1.4795900000000006, "params": {"cellSize": 10.753351519661672, "er": 10.0, "rd": 22.709729910755602, "steps": 557.0429438043342}, "datetime": {"datetime": "2021-06-17 07:03:19", "elapsed": 49604.954396, "delta": 4179.436864}}
{"target": 4.186660000000001, "params": {"cellSize": 5.0, "er": 6.5072929966723745, "rd": 20.884734349909873, "steps": 561.1019800449229}, "datetime": {"datetime": "2021-06-17 08:35:40", "elapsed": 55145.326109, "delta": 5540.371713}}
{"target": 3.5565899999999995, "params": {"cellSize": 5.634702313472641, "er": 8.661234853442856, "rd": 22.65121636203496, "steps": 568.5135050310519}, "datetime": {"datetime": "2021-06-17 10:04:10", "elapsed": 60455.676827, "delta": 5310.350718}}
{"target": 4.296439999999999, "params": {"cellSize": 5.0, "er": 0.9103477286393588, "rd": 24.694953834787274, "steps": 558.2250055636553}, "datetime": {"datetime": "2021-06-17 11:37:56", "elapsed": 66081.673743, "delta": 5625.996916}}
{"target": 0.63436, "params": {"cellSize": 5.637976425481268, "er": 0.042573563781809265, "rd": 20.812424285454888, "steps": 563.6541318644277}, "datetime": {"datetime": "2021-06-17 12:42:08", "elapsed": 69933.318318, "delta": 3851.644575}}
{"target": 2.9764399999999993, "params": {"cellSize": 5.867937470831381, "er": 5.462952067885665, "rd": 21.438731018302615, "steps": 558.0853770178655}, "datetime": {"datetime": "2021-06-17 14:07:12", "elapsed": 75037.26411, "delta": 5103.945792}}
