{"target": 4.896649999999998, "params": {"cellSize": 30.0, "er": 8.517364601978947, "rd": 42.80711739602178, "steps": 441.66755625719594}, "datetime": {"datetime": "2021-06-17 18:42:34", "elapsed": 0.0, "delta": 0.0}}
{"target": 4.918600000000001, "params": {"cellSize": 30.0, "er": 20.0, "rd": 39.8586592616767, "steps": 439.63181419686543}, "datetime": {"datetime": "2021-06-17 19:50:25", "elapsed": 4071.07809, "delta": 4071.07809}}
{"target": 3.893160000000001, "params": {"cellSize": 29.00035846142568, "er": 19.60732925011587, "rd": 48.45579296302505, "steps": 455.6337250752181}, "datetime": {"datetime": "2021-06-17 20:53:34", "elapsed": 7860.374094, "delta": 3789.296004}}
{"target": 1.03386, "params": {"cellSize": 5.0, "er": 20.0, "rd": 44.4350231799885, "steps": 551.0147229737206}, "datetime": {"datetime": "2021-06-17 21:51:22", "elapsed": 11328.380482, "delta": 3468.006388}}
{"target": 0.9816900000000001, "params": {"cellSize": 18.0637064606993, "er": 16.855378234898534, "rd": 47.962210579446875, "steps": 433.4673234481677}, "datetime": {"datetime": "2021-06-17 22:40:38", "elapsed": 14283.735333, "delta": 2955.354851}}
{"target": 4.9054699999999976, "params": {"cellSize": 30.0, "er": 16.142251188540747, "rd": 36.51031841407453, "steps": 450.3085374634469}, "datetime": {"datetime": "2021-06-17 23:47:00", "elapsed": 18265.819827, "delta": 3982.084494}}
{"target": 3.8126799999999985, "params": {"cellSize": 27.5322721308087, "er": 0.7085570742375311, "rd": 49.67782913137871, "steps": 465.57550161736737}, "datetime": {"datetime": "2021-06-18 00:50:02", "elapsed": 22047.903597, "delta": 3782.08377}}
{"target": 4.7962500000000015, "params": {"cellSize": 30.0, "er": 17.627714410386456, "rd": 44.305844790790665, "steps": 479.6804626296347}, "datetime": {"datetime": "2021-06-18 01:55:36", "elapsed": 25981.665692, "delta": 3933.762095}}
{"target": 4.18991, "params": {"cellSize": 30.0, "er": 20.0, "rd": 50.0, "steps": 495.50599916537874}, "datetime": {"datetime": "2021-06-18 02:57:07", "elapsed": 29673.346791, "delta": 3691.681099}}
{"target": 4.63772, "params": {"cellSize": 30.0, "er": 2.1862254418222493, "rd": 43.13978519390838, "steps": 487.6704394341976}, "datetime": {"datetime": "2021-06-18 04:03:38", "elapsed": 33664.08604, "delta": 3990.739249}}
{"target": 4.519880000000003, "params": {"cellSize": 30.0, "er": 16.898217659028468, "rd": 30.309980743785736, "steps": 491.1018884507554}, "datetime": {"datetime": "2021-06-18 05:13:19", "elapsed": 37844.953736, "delta": 4180.867696}}
{"target": -0.25047, "params": {"cellSize": 12.05376509750364, "er": 19.232001487236584, "rd": 44.85264975299255, "steps": 489.40162109655193}, "datetime": {"datetime": "2021-06-18 05:56:42", "elapsed": 40447.699735, "delta": 2602.745999}}
{"target": 4.778799999999998, "params": {"cellSize": 29.99724932686301, "er": 7.348602881897943, "rd": 34.790219790584004, "steps": 477.24238778334814}, "datetime": {"datetime": "2021-06-18 07:06:04", "elapsed": 44609.641434, "delta": 4161.941699}}
{"target": 1.25093, "params": {"cellSize": 30.0, "er": 20.0, "rd": 10.0, "steps": 505.019731894035}, "datetime": {"datetime": "2021-06-18 08:24:09", "elapsed": 49294.962544, "delta": 4685.32111}}
{"target": 0.47442000000000006, "params": {"cellSize": 5.0, "er": 20.0, "rd": 50.0, "steps": 359.8319665471831}, "datetime": {"datetime": "2021-06-18 09:13:59", "elapsed": 52284.517183, "delta": 2989.554639}}
